The system is: Linux - 4.4.0-18362-Microsoft - x86_64
Compiling the C compiler identification source file "CMakeCCompilerId.c" succeeded.
Compiler: /usr/bin/gcc-7 
Build flags: 
Id flags:  

The output was:
0


Compilation of the C compiler identification source "CMakeCCompilerId.c" produced "a.out"

The C compiler identification is GNU, found in "/mnt/e/myexe/Games101/Games101/PA01/build/CMakeFiles/3.10.2/CompilerIdC/a.out"

Compiling the CXX compiler identification source file "CMakeCXXCompilerId.cpp" succeeded.
Compiler: /usr/bin/g++-7 
Build flags: 
Id flags:  

The output was:
0


Compilation of the CXX compiler identification source "CMakeCXXCompilerId.cpp" produced "a.out"

The CXX compiler identification is GNU, found in "/mnt/e/myexe/Games101/Games101/PA01/build/CMakeFiles/3.10.2/CompilerIdCXX/a.out"

Determining if the C compiler works passed with the following output:
Change Dir: /mnt/e/myexe/Games101/Games101/PA01/build/CMakeFiles/CMakeTmp

Run Build Command:"/usr/bin/make" "cmTC_98ad1/fast"
/usr/bin/make -f CMakeFiles/cmTC_98ad1.dir/build.make CMakeFiles/cmTC_98ad1.dir/build
make[1]: Entering directory '/mnt/e/myexe/Games101/Games101/PA01/build/CMakeFiles/CMakeTmp'
Building C object CMakeFiles/cmTC_98ad1.dir/testCCompiler.c.o
/usr/bin/gcc-7    -o CMakeFiles/cmTC_98ad1.dir/testCCompiler.c.o   -c /mnt/e/myexe/Games101/Games101/PA01/build/CMakeFiles/CMakeTmp/testCCompiler.c
Linking C executable cmTC_98ad1
/usr/bin/cmake -E cmake_link_script CMakeFiles/cmTC_98ad1.dir/link.txt --verbose=1
/usr/bin/gcc-7      CMakeFiles/cmTC_98ad1.dir/testCCompiler.c.o  -o cmTC_98ad1 
make[1]: Leaving directory '/mnt/e/myexe/Games101/Games101/PA01/build/CMakeFiles/CMakeTmp'


Determining if the CXX compiler works passed with the following output:
Change Dir: /mnt/e/myexe/Games101/Games101/PA01/build/CMakeFiles/CMakeTmp

Run Build Command:"/usr/bin/make" "cmTC_eb77a/fast"
/usr/bin/make -f CMakeFiles/cmTC_eb77a.dir/build.make CMakeFiles/cmTC_eb77a.dir/build
make[1]: Entering directory '/mnt/e/myexe/Games101/Games101/PA01/build/CMakeFiles/CMakeTmp'
Building CXX object CMakeFiles/cmTC_eb77a.dir/testCXXCompiler.cxx.o
/usr/bin/g++-7     -o CMakeFiles/cmTC_eb77a.dir/testCXXCompiler.cxx.o -c /mnt/e/myexe/Games101/Games101/PA01/build/CMakeFiles/CMakeTmp/testCXXCompiler.cxx
Linking CXX executable cmTC_eb77a
/usr/bin/cmake -E cmake_link_script CMakeFiles/cmTC_eb77a.dir/link.txt --verbose=1
/usr/bin/g++-7       CMakeFiles/cmTC_eb77a.dir/testCXXCompiler.cxx.o  -o cmTC_eb77a 
make[1]: Leaving directory '/mnt/e/myexe/Games101/Games101/PA01/build/CMakeFiles/CMakeTmp'


